<?xml version="1.0" encoding="UTF-8"?>
<!-- Generated by org.testng.reporters.JUnitReportReporter -->
<testsuite hostname="192.168.1.6" failures="0" tests="9" name="Test1" time="292.003" errors="0" timestamp="2025-07-13T10:52:20 IST" skipped="0">
  <testcase classname="Test1" name="runTest" time="24.951"/>
  <testcase classname="Test1" name="runTest" time="26.200"/>
  <testcase classname="Test1" name="runTest" time="39.160"/>
  <testcase classname="Test1" name="runTest" time="38.686"/>
  <testcase classname="Test1" name="runTest" time="40.302"/>
  <testcase classname="Test1" name="runTest" time="33.126"/>
  <testcase classname="Test1" name="runTest" time="33.752"/>
  <testcase classname="Test1" name="runTest" time="21.786"/>
  <testcase classname="Test1" name="runTest" time="34.040"/>
</testsuite> <!-- Test1 -->
